1
 

 SPECS file
 ----------

      Begin snmain3
         Major iterations               200
         Major Print level           000001
      *                             (JFLXBT)
         Minor print level                1
         Solution                        No
         Maximize
      End snmain3
1
 
 SNSPEC EXIT 100 -- finished successfully
 SNSPEC INFO 101 -- SPECS file read
      Verify level                    3
      Derivative option               0
1
 
 Parameters
 ==========

 Files
 -----
 Solution file..........         0       Old basis file ........         0       Standard input.........         5
 Insert file............         0       New basis file ........         0       (Printer)..............         9
 Punch file.............         0       Backup basis file......         0       (Specs file)...........         4
 Load file..............         0       Dump file..............         0       Standard output........         6

 Frequencies
 -----------
 Print frequency........       100       Check frequency........        60       Save new basis map.....       100
 Summary frequency......       100       Factorization frequency        50       Expand frequency.......     10000

 QP subproblems
 --------------
 QPsolver Cholesky......
 Scale tolerance........     0.900       Minor feasibility tol..  1.00E-06       Iteration limit........     10000
 Scale option...........         0       Minor optimality  tol..  1.00E-06       Minor print level......         1
 Crash tolerance........     0.100       Pivot tolerance........  3.25E-11       Partial price..........         1
 Crash option...........         3       Elastic weight.........  1.00E+04       Prtl price section ( A)        55
                                         New superbasics........        99       Prtl price section (-I)        54

 The SQP Method
 --------------
 Maximize...............                 Cold start.............                 Proximal Point method..         1
 Nonlinear objectiv vars        14       Objective Row..........        54       Function precision.....  3.00E-13
 Unbounded step size....  1.00E+20       Superbasics limit......        55       Difference interval....  5.48E-07
 Unbounded objective....  1.00E+15       Reduced Hessian dim....        55       Central difference int.  6.70E-05
 Major step limit.......  2.00E+00       Nonderiv.  linesearch..                 Derivative option......         0
 Major iterations limit.       200       Linesearch tolerance...   0.90000       Verify level...........         3
 Minor iterations limit.       500       Penalty parameter......  0.00E+00       Major Print Level......         1
                                         Major optimality tol...  2.00E-06

 Hessian Approximation
 ---------------------
 Full-Memory Hessian....                 Hessian updates........  99999999       Hessian frequency......  99999999
                                                                                 Hessian flush..........  99999999

 Nonlinear constraints
 ---------------------
 Nonlinear constraints..        53       Major feasibility tol..  1.00E-06       Violation limit........  1.00E+06
 Nonlinear Jacobian vars        55

 Miscellaneous
 -------------
 LU factor tolerance....      3.99       LU singularity tol.....  3.25E-11       Timing level...........        -1
 LU update tolerance....      3.99       LU swap tolerance......  1.22E-04       Debug level............         0
 LU partial  pivoting...                 eps (machine precision)  2.22E-16       System information.....        No
                                                                                 Sticky parameters......       Yes
1
 

 

 Matrix statistics
 -----------------
               Total      Normal        Free       Fixed     Bounded
 Rows             54           0           1          53           0
 Columns          55           0          55           0           0

 No. of matrix elements                  659     Density      22.189
 Biggest                          0.0000E+00  (excluding fixed columns,
 Smallest                         0.0000E+00   free rows, and RHS)

 No. of objective coefficients             0

 Nonlinear constraints      53     Linear constraints       1
 Nonlinear variables        55     Linear variables         0
 Jacobian  variables        55     Objective variables     14
 Total constraints          54     Total variables         55
1
 

 
 The user has defined     673   out of     673   first  derivatives

 Verification of user-supplied problem derivatives.

 The constraint gradients seem to be OK.

 -->  The largest discrepancy was    3.70E-06  in constraint    80
 

 The objective  gradients seem to be OK.

 Gradient projected in one direction   1.81226813523E-02
 Difference approximation              1.81226770037E-02

 
 Column       x(j)        dx(j)    Element no.    Row        Derivative    Difference approxn

     39  8.65850224E-01  1.02E-06         1        32   -1.00000000E+00   -1.00000000E+00  ok
                                          2        47    2.14643278E+00    2.14643538E+00  ok
                                          3        48    9.30532377E-02    9.30584091E-02  ok
                                          4        49   -1.95059417E-01   -1.95062240E-01  ok
                                          5        50    4.82154269E+00    4.82156068E+00  ok
                                          6        51   -6.60256075E-01   -6.60237867E-01  ok
                                          7        52   -1.00769900E+00   -1.00771740E+00  ok
                                          8        53    6.85535915E-02    6.85547344E-02  ok
     39  8.65850224E-01  1.02E-06           Objective    2.30600224E-03    2.30602453E-03  ok

     40 -9.71028541E-02  6.01E-07         9        33   -1.00000000E+00   -1.00000000E+00  ok
                                         10        47    4.41042466E-01    4.41043438E-01  ok
                                         11        48    7.85305911E-01    7.85304186E-01  ok
                                         12        49   -1.35853430E-01   -1.35853760E-01  ok
                                         13        50    1.38673042E+00    1.38673252E+00  ok
                                         14        51   -1.16129561E+00   -1.16130122E+00  ok
                                         15        52   -5.79350724E-01   -5.79352148E-01  ok
                                         16        53    2.06346037E-02    2.06342581E-02  ok
     40 -9.71028541E-02  6.01E-07           Objective    9.41278505E-04    9.41269388E-04  ok

     41  9.25497460E-03  5.53E-07        17        34   -1.00000000E+00   -1.00000000E+00  ok
                                         18        47   -1.95194195E-01   -1.95195415E-01  ok
                                         19        48   -6.06946657E-02   -6.06949825E-02  ok
                                         20        49    5.22880491E-01    5.22881363E-01  ok
                                         21        50   -9.27244638E-01   -9.27248403E-01  ok
                                         22        51   -6.70512033E-02   -6.70507353E-02  ok
                                         23        52   -1.41117421E+00   -1.41117111E+00  ok
                                         24        53   -3.26646031E-02   -3.26648445E-02  ok
     41  9.25497460E-03  5.53E-07           Objective   -1.31895574E-03   -1.31896736E-03  ok

     42 -5.46369077E-02  5.78E-07        25        35   -1.00000000E+00   -1.00000000E+00  ok
                                         26        47    6.02303320E-01    6.02303290E-01  ok
                                         27        48   -2.32168328E-01   -2.32168240E-01  ok
                                         28        49   -2.88640841E-02   -2.88641228E-02  ok
                                         29        50    1.40820683E+00    1.40820667E+00  ok
                                         30        51   -8.35754784E-01   -8.35754155E-01  ok
                                         31        52   -1.82098524E-01   -1.82098859E-01  ok
                                         32        53    9.53486051E-03    9.53487608E-03  ok
     42 -5.46369077E-02  5.78E-07           Objective    2.44150367E-04    2.44149937E-04  ok

     43 -3.61936315E-02  5.68E-07        33        36   -1.00000000E+00   -1.00000000E+00  ok
                                         34        47    3.66503187E-01    3.66503258E-01  ok
                                         35        48    4.08185024E-01    4.08184976E-01  ok
                                         36        49   -3.51883115E-02   -3.51883557E-02  ok
                                         37        50    1.47309765E+00    1.47309812E+00  ok
                                         38        51    2.20363220E-01    2.20362888E-01  ok
                                         39        52   -2.20210644E-01   -2.20211024E-01  ok
                                         40        53    5.78759931E-03    5.78759292E-03  ok
     43 -3.61936315E-02  5.68E-07           Objective    1.52251118E-04    1.52250478E-04  ok

     44  1.60539158E-01  6.36E-07        41        37   -1.00000000E+00   -1.00000000E+00  ok
                                         42        47   -4.09541854E-02   -4.09542065E-02  ok
                                         43        48   -1.55393815E-02   -1.55393927E-02  ok
                                         44        49    4.57729007E-01    4.57729066E-01  ok
                                         45        50   -2.68292961E-01   -2.68293005E-01  ok
                                         46        51   -5.61697308E-02   -5.61697485E-02  ok
                                         47        52    6.25801216E-01    6.25801626E-01  ok
                                         48        53   -5.97128384E-03   -5.97128867E-03  ok
     44  1.60539158E-01  6.36E-07           Objective   -1.69834647E-04   -1.69836101E-04  ok

     45  9.97524128E-01  1.09E-06        49        38   -1.00000000E+00   -1.00000000E+00  ok
                                         50        46    1.24128779E-02    1.24128779E-02  ok
                                         51        47    4.45288496E-03    4.45287754E-03  ok
                                         52        48   -5.73994411E-03   -5.73993460E-03  ok
                                         53        49   -1.53152031E-02   -1.53151778E-02  ok
                                         54        50    1.39783291E-02    1.39783058E-02  ok
                                         55        51   -3.01853352E-02   -3.01852850E-02  ok
                                         56        52   -4.86883648E-02   -4.86882842E-02  ok
                                         57        53    1.38942251E-02    1.38942251E-02  ok
     45  9.97524128E-01  1.09E-06           Objective    1.00145427E+00    1.00145427E+00  ok

     46  2.88507150E-03  5.49E-07        58        39   -1.00000000E+00   -1.00000000E+00  ok
                                         59        47   -3.73235264E-02   -3.73235267E-02  ok
                                         60        48    1.70641631E-02    1.70641634E-02  ok
                                         61        49    1.12733813E-03    1.12733817E-03  ok
                                         62        50   -2.11956331E-01   -2.11956332E-01  ok
                                         63        51    1.24407973E-01    1.24407975E-01  ok
                                         64        52    1.11743525E-02    1.11743516E-02  ok
                                         65        53   -1.04370792E-01   -1.04371098E-01  ok
     46  2.88507150E-03  5.49E-07           Objective   -3.88679524E-03   -3.88682069E-03  ok

     47 -6.45610098E-02  5.83E-07        66        40   -1.00000000E+00   -1.00000000E+00  ok
                                         67        47   -2.25624806E-02   -2.25624811E-02  ok
                                         68        48   -2.94149965E-02   -2.94149968E-02  ok
                                         69        49    1.41269340E-03    1.41269302E-03  ok
                                         70        50   -1.70928988E-01   -1.70928990E-01  ok
                                         71        51   -1.34465759E-01   -1.34465760E-01  ok
                                         72        52    1.40232812E-02    1.40232809E-02  ok
                                         73        53    8.14559714E-02    8.14556594E-02  ok
     47 -6.45610098E-02  5.83E-07           Objective    3.12352274E-03    3.12350097E-03  ok

     48 -2.76786969E-03  5.49E-07        74        41   -1.00000000E+00   -1.00000000E+00  ok
                                         75        47    1.63445186E-03    1.63445047E-03  ok
                                         76        48    6.38907024E-04    6.38906526E-04  ok
                                         77        49   -3.34812345E-02   -3.34812346E-02  ok
                                         78        50    1.66890954E-02    1.66890916E-02  ok
                                         79        51    4.73053964E-03    4.73053943E-03  ok
                                         80        52   -1.77256718E-01   -1.77256716E-01  ok
                                         81        53    8.76811301E-02    8.76811062E-02  ok
     48 -2.76786969E-03  5.49E-07           Objective    6.23278415E-03    6.23276844E-03  ok

     49 -1.20820680E-02  5.54E-07        82        42   -1.00000000E+00   -1.00000000E+00  ok
                                         83        46    7.36365263E-02    7.36352011E-02  ok
                                         84        47    2.12213678E-01    2.12213672E-01  ok
                                         85        48   -1.19886172E-01   -1.19886167E-01  ok
                                         86        49   -8.66589388E-03   -8.66589589E-03  ok
                                         87        50    8.30997247E-01    8.30997203E-01  ok
                                         88        51   -6.37611993E-01   -6.37611929E-01  ok
                                         89        52   -6.91757820E-02   -6.91758035E-02  ok
                                         90        53    3.03801434E-01    3.03801103E-01  ok
     49 -1.20820680E-02  5.54E-07           Objective    1.70389343E-02    1.70386199E-02  ok

     50 -2.31873154E-03  5.49E-07        91        43   -1.00000000E+00   -1.00000000E+00  ok
                                         92        46    1.41319628E-02    1.41303030E-02  ok
                                         93        47    1.77870891E-01    1.77870897E-01  ok
                                         94        48    1.38428763E-01    1.38428761E-01  ok
                                         95        49   -1.27606261E-02   -1.27606314E-02  ok
                                         96        50    1.03736058E+00    1.03736065E+00  ok
                                         97        51    2.44252122E-01    2.44252101E-01  ok
                                         98        52   -1.05771892E-01   -1.05771955E-01  ok
                                         99        53    4.98712656E-02    4.98649141E-02  ok
     50 -2.31873154E-03  5.49E-07           Objective   -2.36026692E-03   -2.36056513E-03  ok

     51  4.33621224E-02  5.71E-07       100        44   -1.00000000E+00   -1.00000000E+00  ok
                                        101        46   -2.64278935E-01   -2.64275841E-01  ok
                                        102        47   -1.35825153E-02   -1.35825164E-02  ok
                                        103        48   -4.86950728E-03   -4.86950764E-03  ok
                                        104        49    1.72953543E-01    1.72953546E-01  ok
                                        105        50   -1.13093633E-01   -1.13093638E-01  ok
                                        106        51   -2.55774806E-02   -2.55774832E-02  ok
                                        107        52    5.43916206E-01    5.43916247E-01  ok
                                        108        53   -9.72185193E-02   -9.72186809E-02  ok
     51  4.33621224E-02  5.71E-07           Objective   -2.35056625E-02   -2.35058180E-02  ok

     52  1.00497019E+00  1.10E-06       109        45   -1.00000000E+00   -1.00000000E+00  ok
                                        110        46    1.23209080E-02    1.23209080E-02  ok
                                        111        47    2.20994624E-03    2.20994337E-03  ok
                                        112        48   -2.84870774E-03   -2.84870454E-03  ok
                                        113        49   -7.60086453E-03   -7.60085623E-03  ok
                                        114        50    6.93738016E-03    6.93737219E-03  ok
                                        115        51   -1.49808424E-02   -1.49808259E-02  ok
                                        116        52   -2.41638105E-02   -2.41637841E-02  ok
                                        117        53    1.37362043E-02    1.37362043E-02  ok
     52  1.00497019E+00  1.10E-06           Objective    1.44260114E-03    1.44259880E-03  ok

      1  2.52359147E-01  6.86E-07       118         2    4.33079879E-02    4.33079716E-02  ok
                                        119         3   -2.01911422E-02   -2.01912649E-02  ok
                                        120         4   -9.25075133E-02   -9.25075131E-02  ok
                                        121         5   -6.11954718E-02   -6.11955578E-02  ok
                                        122         6   -3.49564140E-01   -3.49564148E-01  ok
                                        123         7    6.44936109E-03    6.44951531E-03  ok
                                        124         8    1.47386257E-04    1.47386658E-04  ok
                                        125         9    1.43645568E-01    1.43645606E-01  ok
                                        126        10   -4.03972514E-02   -4.03973088E-02  ok
                                        127        11   -4.54949500E-02   -4.54949441E-02  ok
                                        128        12   -2.63782209E-02   -2.63782217E-02  ok
                                        129        13    1.72543145E-02    1.72543280E-02  ok
                                        130        14    1.02916157E-02    1.02916145E-02  ok
                                        131        15   -2.95428831E-04   -2.95430091E-04  ok

      2  1.45620023E-02  5.56E-07       132         2   -3.56236618E-02   -3.56236639E-02  ok
                                        133         3    1.99126724E-02    1.99126726E-02  ok
                                        134         4    7.31621132E-04    7.31621372E-04  ok
                                        135         5   -2.16821146E-01   -2.16821146E-01  ok
                                        136         6    1.62291993E-01    1.62291993E-01  ok
                                        137         7    4.92864203E-03    4.92864242E-03  ok
                                        138         8    1.66375268E-03    1.66372406E-03  ok
                                        139         9    2.41318473E+00    2.41318458E+00  ok
                                        140        10   -3.61060603E-01   -3.61060508E-01  ok
                                        141        11   -4.71727270E-02   -4.71727284E-02  ok
                                        142        12   -6.32046420E-01   -6.32046410E-01  ok
                                        143        13    3.49516303E-01    3.49516294E-01  ok
                                        144        14    1.85595399E-02    1.85595388E-02  ok
                                        145        15   -3.33491410E-03   -3.33485801E-03  ok

      3  3.64362327E-02  5.68E-07       146         2   -1.51191282E-02   -1.51191307E-02  ok
                                        147         3   -2.60093270E-02   -2.60093262E-02  ok
                                        148         4   -1.57553351E-04   -1.57553112E-04  ok
                                        149         5   -1.11332506E-01   -1.11332513E-01  ok
                                        150         6   -1.23549381E-01   -1.23549375E-01  ok
                                        151         7   -1.09475335E-03   -1.09475291E-03  ok
                                        152         8    2.29278258E-03    2.29276736E-03  ok
                                        153         9   -9.26793165E-03   -9.26788766E-03  ok
                                        154        10    6.52711309E-01    6.52711277E-01  ok
                                        155        11    1.08088177E-02    1.08088189E-02  ok
                                        156        12   -2.21651639E-01   -2.21651642E-01  ok
                                        157        13   -3.77696524E-01   -3.77696520E-01  ok
                                        158        14   -3.92310728E-03   -3.92310731E-03  ok
                                        159        15   -4.59577501E-03   -4.59574518E-03  ok

      4  7.78743263E-02  5.90E-07       160         2    6.16680571E-04    6.16680203E-04  ok
                                        161         3   -5.23150651E-04   -5.23150765E-04  ok
                                        162         4   -2.96012249E-02   -2.96012247E-02  ok
                                        163         5    4.25533057E-03    4.25532973E-03  ok
                                        164         6   -4.43833496E-03   -4.43833398E-03  ok
                                        165         7   -1.56860864E-01   -1.56860864E-01  ok
                                        166         8   -7.41732249E-03   -7.41733901E-03  ok
                                        167         9   -8.01330160E-02   -8.01329736E-02  ok
                                        168        10    2.94670482E-02    2.94670245E-02  ok
                                        169        11    4.58285588E-01    4.58285585E-01  ok
                                        170        12    1.64264959E-02    1.64264927E-02  ok
                                        171        13   -1.35260272E-02   -1.35260247E-02  ok
                                        172        14   -4.25795093E-01   -4.25795092E-01  ok
                                        173        15    1.48676746E-02    1.48677054E-02  ok

      5 -1.79478165E-03  5.49E-07       174         1    1.49391104E-02    1.49368401E-02  ok
                                        175         2    2.17157180E-01    2.17157194E-01  ok
                                        176         3   -1.57651552E-01   -1.57651563E-01  ok
                                        177         4   -8.39281337E-03   -8.39281533E-03  ok
                                        178         5    9.52700303E-01    9.52700511E-01  ok
                                        179         6   -9.94084107E-01   -9.94084257E-01  ok
                                        180         7   -4.78695250E-02   -4.78695315E-02  ok
                                        181         8   -4.23808720E-03   -4.23852322E-03  ok
                                        182         9   -6.32984108E+00   -6.32984554E+00  ok
                                        183        10    1.15738973E+00    1.15739164E+00  ok
                                        184        11    2.67110119E-01    2.67110023E-01  ok
                                        185        12    1.72244247E+00    1.72244283E+00  ok
                                        186        13   -1.50168010E+00   -1.50168036E+00  ok
                                        187        14   -1.40290561E-01   -1.40290601E-01  ok
                                        188        15    8.49504675E-03    8.49592240E-03  ok

      6  3.17740495E-02  5.65E-07       189         1   -2.64475643E-01   -2.64473672E-01  ok
                                        190         2    1.15024124E-01    1.15024119E-01  ok
                                        191         3    1.21335766E-01    1.21335770E-01  ok
                                        192         4    1.12590552E-03    1.12590609E-03  ok
                                        193         5    6.24940667E-01    6.24940605E-01  ok
                                        194         6    2.00860720E-01    2.00860754E-01  ok
                                        195         7    5.81091203E-03    5.81091490E-03  ok
                                        196         8   -1.32707753E-02   -1.32709505E-02  ok
                                        197         9   -1.05449613E+00   -1.05449524E+00  ok
                                        198        10    1.52110287E+00    1.52110290E+00  ok
                                        199        11   -1.46583968E-02   -1.46584160E-02  ok
                                        200        12    8.45093001E-01    8.45092904E-01  ok
                                        201        13    1.50105162E-01    1.50105207E-01  ok
                                        202        14    1.25534389E-02    1.25534473E-02  ok
                                        203        15    2.66006458E-02    2.66009964E-02  ok

      7 -2.51975425E-02  5.62E-07       204         1    2.09735188E-01    2.09735553E-01  ok
                                        205         2   -7.06241363E-03   -7.06241970E-03  ok
                                        206         3    6.01785270E-03    6.01785623E-03  ok
                                        207         4    1.58692910E-01    1.58692911E-01  ok
                                        208         5   -4.21054120E-02   -4.21054612E-02  ok
                                        209         6    4.47897903E-02    4.47898312E-02  ok
                                        210         7    4.82856855E-01    4.82856867E-01  ok
                                        211         8    2.36632996E-02    2.36631492E-02  ok
                                        212         9    5.64883255E-01    5.64883834E-01  ok
                                        213        10   -1.68985667E-01   -1.68985971E-01  ok
                                        214        11    1.81292534E+00    1.81292518E+00  ok
                                        215        12   -1.26134443E-01   -1.26134508E-01  ok
                                        216        13    1.03837037E-01    1.03837089E-01  ok
                                        217        14    5.04905781E-01    5.04905814E-01  ok
                                        218        15   -4.74319726E-02   -4.74316721E-02  ok

      8  1.00000000E-03  5.48E-07       219         1    2.00000000E-03    2.00054829E-03  ok

      9  8.53040155E-01  1.01E-06       220         2   -1.00000000E+00   -1.00000000E+00  ok
                                        221        17    4.91281155E+00    4.91287563E+00  ok
                                        222        18   -2.30841261E+00   -2.30841315E+00  ok
                                        223        19    1.69015552E+00    1.69020758E+00  ok
                                        224        20    1.50826113E+01    1.50830066E+01  ok
                                        225        21   -4.80247566E+00   -4.80226210E+00  ok
                                        226        22    7.39269232E+00    7.39296114E+00  ok
                                        227        23    6.11577497E-03    6.11586155E-03  ok
                                        228        24   -1.01464707E-01   -1.01382202E-01  ok
                                        229        25   -5.41844411E+00   -5.41865359E+00  ok
                                        230        26    7.09066719E-01    7.09220675E-01  ok
                                        231        27    6.21508949E-01    6.21520009E-01  ok
                                        232        28    8.15246102E-01    8.15282279E-01  ok
                                        233        29    8.07923168E-01    8.07927543E-01  ok
                                        234        30   -1.23003576E-02   -1.23005302E-02  ok

     10  7.29007372E-02  5.88E-07       235         3   -1.00000000E+00   -1.00000000E+00  ok
                                        236        17   -2.07678054E+00   -2.07677325E+00  ok
                                        237        18    1.03985774E+00    1.03986420E+00  ok
                                        238        19   -6.53911948E-01   -6.53909119E-01  ok
                                        239        20   -7.54675222E+00   -7.54671292E+00  ok
                                        240        21    2.12732738E-01    2.12763448E-01  ok
                                        241        22   -2.74989915E+00   -2.74987993E+00  ok
                                        242        23   -7.52757311E-03   -7.52755168E-03  ok
                                        243        24   -1.56028759E+00   -1.56025327E+00  ok
                                        244        25    2.05380227E+00    2.05380346E+00  ok
                                        245        26   -9.07559880E-01   -9.07534309E-01  ok
                                        246        27   -1.49181971E-02   -1.49235470E-02  ok
                                        247        28   -6.02170388E-01   -6.02166930E-01  ok
                                        248        29   -1.82960945E-01   -1.82964146E-01  ok
                                        249        30    1.51398378E-02    1.51397906E-02  ok

     11 -6.61425003E-03  5.51E-07       250         4   -1.00000000E+00   -1.00000000E+00  ok
                                        251        17    7.24048118E-01    7.24044967E-01  ok
                                        252        18   -4.74403231E-01   -4.74400246E-01  ok
                                        253        19    1.76233464E-02    1.76200232E-02  ok
                                        254        20    2.54024188E+00    2.54023227E+00  ok
                                        255        21   -1.27036474E+00   -1.27035831E+00  ok
                                        256        22   -1.27796018E+00   -1.27796760E+00  ok
                                        257        23   -9.31551781E-03   -9.31562306E-03  ok
                                        258        24   -3.86223924E+00   -3.86225206E+00  ok
                                        259        25   -1.43218838E+00   -1.43219589E+00  ok
                                        260        26   -1.10161966E+00   -1.10162417E+00  ok
                                        261        27    9.69818830E-01    9.69821709E-01  ok
                                        262        28   -4.69588850E-01   -4.69590095E-01  ok
                                        263        29    3.60880511E-01    3.60878349E-01  ok
                                        264        30    1.87358431E-02    1.87360551E-02  ok

     12  5.74437378E-02  5.79E-07       265         5   -1.00000000E+00   -1.00000000E+00  ok
                                        266        17    1.49440757E+00    1.49441021E+00  ok
                                        267        18   -8.12370093E-01   -8.12369248E-01  ok
                                        268        19    4.49101800E-01    4.49104043E-01  ok
                                        269        20    4.54627252E+00    4.54628869E+00  ok
                                        270        21   -1.57561102E+00   -1.57559782E+00  ok
                                        271        22    2.10781288E+00    2.10782510E+00  ok
                                        272        23    2.38145556E-03    2.38146279E-03  ok
                                        273        24    6.92449326E-01    6.92461138E-01  ok
                                        274        25   -1.45155500E+00   -1.45155934E+00  ok
                                        275        26    4.73829170E-01    4.73839448E-01  ok
                                        276        27    5.15812778E-02    5.15804754E-02  ok
                                        277        28    2.91580993E-01    2.91582613E-01  ok
                                        278        29    1.19227060E-01    1.19226524E-01  ok
                                        279        30   -4.78970451E-03   -4.78971939E-03  ok

     13 -1.68049995E-02  5.57E-07       280         6   -1.00000000E+00   -1.00000000E+00  ok
                                        281        17    4.57807870E-01    4.57807442E-01  ok
                                        282        18    2.51174955E-01    2.51174989E-01  ok
                                        283        19    6.21740168E-02    6.21739237E-02  ok
                                        284        20    1.60269124E+00    1.60269022E+00  ok
                                        285        21   -8.22680845E-01   -8.22681404E-01  ok
                                        286        22    6.09934960E-01    6.09935557E-01  ok
                                        287        23   -1.20539908E-03   -1.20540380E-03  ok
                                        288        24   -9.12951287E-01   -9.12954243E-01  ok
                                        289        25   -5.23597280E-01   -5.23597682E-01  ok
                                        290        26   -2.52394697E-01   -2.52396131E-01  ok
                                        291        27    1.60827243E-01    1.60827397E-01  ok
                                        292        28   -4.73577057E-02   -4.73579812E-02  ok
                                        293        29    6.82800279E-02    6.82801749E-02  ok
                                        294        30    2.42435993E-03    2.42436717E-03  ok

     14 -1.17175305E-01  6.12E-07       295         7   -1.00000000E+00   -1.00000000E+00  ok
                                        296        17    3.31980608E-01    3.31980693E-01  ok
                                        297        18   -1.42957302E-01   -1.42957141E-01  ok
                                        298        19    5.03977524E-01    5.03976890E-01  ok
                                        299        20    1.65542415E+00    1.65542564E+00  ok
                                        300        21   -4.59039143E-01   -4.59038111E-01  ok
                                        301        22    2.67323676E-01    2.67320827E-01  ok
                                        302        23   -1.01966182E-03   -1.01966654E-03  ok
                                        303        24   -6.97009507E-01   -6.97011445E-01  ok
                                        304        25   -6.32120062E-01   -6.32121630E-01  ok
                                        305        26   -1.56013802E-01   -1.56013466E-01  ok
                                        306        27    2.26056861E-01    2.26057367E-01  ok
                                        307        28   -2.58957467E-02   -2.58958246E-02  ok
                                        308        29    8.97862499E-02    8.97860819E-02  ok
                                        309        30    2.05079569E-03    2.05080936E-03  ok

     15  9.99258927E-01  1.10E-06       310         8   -1.00000000E+00   -1.00000000E+00  ok
                                        311        16    1.19056239E-02    1.19056239E-02  ok
                                        312        17    6.96084868E-03    6.96083616E-03  ok
                                        313        18    1.74148249E-02    1.74147975E-02  ok
                                        314        19    1.86993007E-02    1.86992684E-02  ok
                                        315        20    6.77238820E-02    6.77237664E-02  ok
                                        316        21    3.66039804E-02    3.66039169E-02  ok
                                        317        22    1.69206135E-02    1.69205755E-02  ok
                                        318        23    1.00222174E+00    1.00222173E+00  ok
                                        319        24   -3.38155285E-02   -3.38154844E-02  ok
                                        320        25   -1.99685160E-02   -1.99684822E-02  ok
                                        321        26   -1.03060197E-02   -1.03060049E-02  ok
                                        322        27    6.91722547E-03    6.91721528E-03  ok
                                        323        28   -1.31669196E-03   -1.31669084E-03  ok
                                        324        29    2.47638531E-03    2.47638035E-03  ok
                                        325        30   -6.73696516E-03   -6.73694977E-03  ok

     16 -1.08489484E-02  5.54E-07       326         9   -1.00000000E+00   -1.00000000E+00  ok
                                        327        17   -1.45833164E-01   -1.45833154E-01  ok
                                        328        18    9.61910996E-02    9.61911051E-02  ok
                                        329        19   -3.29134032E-02   -3.29133929E-02  ok
                                        330        20   -6.91521032E-01   -6.91520957E-01  ok
                                        331        21    4.54876389E-01    4.54876495E-01  ok
                                        332        22   -2.27084982E-01   -2.27084897E-01  ok
                                        333        23    1.40066445E-02    1.40064599E-02  ok
                                        334        24    6.03210239E+00    6.03210138E+00  ok
                                        335        25    1.43489498E+00    1.43489230E+00  ok
                                        336        26    1.98377735E+00    1.98377599E+00  ok
                                        337        27   -1.48314826E+00   -1.48314805E+00  ok
                                        338        28    8.00820870E-01    8.00821045E-01  ok
                                        339        29   -4.37139496E-01   -4.37139283E-01  ok
                                        340        30   -2.81708755E-02   -2.81705028E-02  ok

     17  7.25080607E-02  5.87E-07       341        10   -1.00000000E+00   -1.00000000E+00  ok
                                        342        17   -7.13926879E-02   -7.13926903E-02  ok
                                        343        18   -5.20783840E-02   -5.20783833E-02  ok
                                        344        19   -6.98892282E-03   -6.98892311E-03  ok
                                        345        20   -4.07925357E-01   -4.07925352E-01  ok
                                        346        21   -8.39902659E-02   -8.39902855E-02  ok
                                        347        22   -7.78023695E-02   -7.78023518E-02  ok
                                        348        23   -1.01040989E-02   -1.01041363E-02  ok
                                        349        24    1.13799387E+00    1.13799369E+00  ok
                                        350        25    1.82501277E-01    1.82501560E-01  ok
                                        351        26    6.11380378E-01    6.11380052E-01  ok
                                        352        27   -4.67285794E-01   -4.67285825E-01  ok
                                        353        28   -2.57726095E-01   -2.57726123E-01  ok
                                        354        29   -6.66889193E-02   -6.66889102E-02  ok
                                        355        30    2.03218775E-02    2.03219549E-02  ok

     18 -1.06990898E-02  5.54E-07       356        11   -1.00000000E+00   -1.00000000E+00  ok
                                        357        17   -2.65281535E-02   -2.65281507E-02  ok
                                        358        18    1.08548622E-02    1.08548615E-02  ok
                                        359        19   -8.30331380E-02   -8.30331412E-02  ok
                                        360        20   -1.93185022E-01   -1.93185003E-01  ok
                                        361        21    6.13103767E-02    6.13103825E-02  ok
                                        362        22   -2.77980202E-01   -2.77980238E-01  ok
                                        363        23   -1.78476842E-03   -1.78480994E-03  ok
                                        364        24    1.84628410E+00    1.84628386E+00  ok
                                        365        25    2.58677418E-01    2.58677218E-01  ok
                                        366        26    2.24613122E-01    2.24613619E-01  ok
                                        367        27   -3.26093861E-01   -3.26093836E-01  ok
                                        368        28    1.32701346E-01    1.32701360E-01  ok
                                        369        29   -5.01437267E-01   -5.01437338E-01  ok
                                        370        30    3.58961700E-03    3.58969565E-03  ok

     19  1.12587470E-02  5.54E-07       371        12   -1.00000000E+00   -1.00000000E+00  ok
                                        372        16   -6.10737011E-02   -6.10749430E-02  ok
                                        373        17    6.66803730E-01    6.66804027E-01  ok
                                        374        18   -5.40553630E-01   -5.40553405E-01  ok
                                        375        19    1.89622506E-01    1.89622780E-01  ok
                                        376        20    2.55496871E+00    2.55497053E+00  ok
                                        377        21   -1.90599715E+00   -1.90599432E+00  ok
                                        378        22    1.08961287E+00    1.08961462E+00  ok
                                        379        23   -6.18287875E-02   -6.18307037E-02  ok
                                        380        24   -1.66698136E+01   -1.66698276E+01  ok
                                        381        25   -5.06673321E+00   -5.06677682E+00  ok
                                        382        26   -5.50037207E+00   -5.50038745E+00  ok
                                        383        27    3.93014248E+00    3.93014682E+00  ok
                                        384        28   -2.71676776E+00   -2.71676452E+00  ok
                                        385        29    1.49907010E+00    1.49907358E+00  ok
                                        386        30    1.24353201E-01    1.24357064E-01  ok

     20 -5.08299489E-03  5.51E-07       387        13   -1.00000000E+00   -1.00000000E+00  ok
                                        388        16    2.75729893E-02    2.75715489E-02  ok
                                        389        17    3.50812982E-01    3.50812962E-01  ok
                                        390        18    9.28742618E-02    9.28742396E-02  ok
                                        391        19    4.96832607E-02    4.96832983E-02  ok
                                        392        20    1.52286253E+00    1.52286283E+00  ok
                                        393        21   -4.19275628E-01   -4.19275685E-01  ok
                                        394        22    4.34439018E-01    4.34439630E-01  ok
                                        395        23    7.90466098E-03    7.90443209E-03  ok
                                        396        24   -3.01644707E+00   -3.01644954E+00  ok
                                        397        25    7.36537554E-01    7.36535898E-01  ok
                                        398        26   -1.51655809E+00   -1.51656166E+00  ok
                                        399        27    9.78924013E-01    9.78923912E-01  ok
                                        400        28   -5.64598803E-01   -5.64598787E-01  ok
                                        401        29    2.78455792E-01    2.78456122E-01  ok
                                        402        30   -1.58982561E-02   -1.58977976E-02  ok

     21 -4.51723596E-02  5.72E-07       403        14   -1.00000000E+00   -1.00000000E+00  ok
                                        404        16    2.45039984E-01    2.45042766E-01  ok
                                        405        17    1.30421728E-01    1.30421748E-01  ok
                                        406        18   -6.18273741E-02   -6.18273544E-02  ok
                                        407        19    2.64847692E-01    2.64847605E-01  ok
                                        408        20    7.71560182E-01    7.71560440E-01  ok
                                        409        21   -2.81597061E-01   -2.81596867E-01  ok
                                        410        22    4.05334834E-01    4.05334248E-01  ok
                                        411        23    1.40504425E-02    1.40502655E-02  ok
                                        412        24   -3.12178758E+00   -3.12178913E+00  ok
                                        413        25   -5.28796492E-01   -5.28798450E-01  ok
                                        414        26    1.42450950E+00    1.42451068E+00  ok
                                        415        27    7.09951982E-01    7.09952186E-01  ok
                                        416        28   -4.10187978E-01   -4.10187766E-01  ok
                                        417        29    1.59066694E-02    1.59062002E-02  ok
                                        418        30   -2.82589643E-02   -2.82586045E-02  ok

     22  1.00148379E+00  1.10E-06       419        15   -1.00000000E+00   -1.00000000E+00  ok
                                        420        16    1.18791747E-02    1.18791747E-02  ok
                                        421        17    3.47269233E-03    3.47268773E-03  ok
                                        422        18    8.68806832E-03    8.68806000E-03  ok
                                        423        19    9.32887942E-03    9.32886842E-03  ok
                                        424        20    3.37867143E-02    3.37866757E-02  ok
                                        425        21    1.82613310E-02    1.82613092E-02  ok
                                        426        22    8.44151160E-03    8.44149757E-03  ok
                                        427        23    2.23316269E-03    2.23315870E-03  ok
                                        428        24   -1.68702024E-02   -1.68701874E-02  ok
                                        429        25   -9.96207728E-03   -9.96206489E-03  ok
                                        430        26   -5.14156205E-03   -5.14155812E-03  ok
                                        431        27    3.45092918E-03    3.45092580E-03  ok
                                        432        28   -6.56883417E-04   -6.56883260E-04  ok
                                        433        29    1.23544192E-03    1.23543990E-03  ok
                                        434        30    9.97768177E-01    9.97768183E-01  ok

     23  1.00000000E-03  5.48E-07       435        16   -2.00000000E-03   -2.00054829E-03  ok

     24  8.78103610E-01  1.03E-06       436        17   -1.00000000E+00   -1.00000000E+00  ok
                                        437        32    2.09148659E+00    2.09149274E+00  ok
                                        438        33    3.00671949E-01    3.00679796E-01  ok
                                        439        34    2.65202745E-01    2.65206087E-01  ok
                                        440        35    5.47812740E+00    5.47816680E+00  ok
                                        441        36    8.94915841E-01    8.94958505E-01  ok
                                        442        37    6.51810986E-01    6.51816437E-01  ok
                                        443        38    3.18692216E-03    3.18695514E-03  ok
                                        444        39    1.07474904E+00    1.07476651E+00  ok
                                        445        40    5.31197306E-01    5.31219216E-01  ok
                                        446        41    1.60269297E+00    1.60271819E+00  ok
                                        447        42   -1.95082045E-01   -1.95085243E-01  ok
                                        448        43    5.35895653E-02    5.35884816E-02  ok
                                        449        44   -3.81787982E-01   -3.81793851E-01  ok
                                        450        45   -6.42142217E-03   -6.42148799E-03  ok

     25 -4.27413257E-02  5.71E-07       451        18   -1.00000000E+00   -1.00000000E+00  ok
                                        452        32    4.71546779E-01    4.71546734E-01  ok
                                        453        33    7.46088338E-01    7.46086324E-01  ok
                                        454        34    1.43742747E-01    1.43742746E-01  ok
                                        455        35    2.12402890E+00    2.12402986E+00  ok
                                        456        36   -1.00886542E+00   -1.00887167E+00  ok
                                        457        37    3.82145859E-01    3.82145733E-01  ok
                                        458        38    1.96791022E-03    1.96790765E-03  ok
                                        459        39   -1.46569223E-01   -1.46577986E-01  ok
                                        460        40   -6.94478998E-01   -6.94483385E-01  ok
                                        461        41    7.02892029E-01    7.02891952E-01  ok
                                        462        42    1.39402947E-01    1.39405237E-01  ok
                                        463        43    1.91381528E-01    1.91381685E-01  ok
                                        464        44   -1.33200645E-01   -1.33200192E-01  ok
                                        465        45   -3.96519955E-03   -3.96519274E-03  ok

     26 -4.73100915E-02  5.74E-07       466        19   -1.00000000E+00   -1.00000000E+00  ok
                                        467        32    3.48298585E-01    3.48297143E-01  ok
                                        468        33    7.16675557E-02    7.16671530E-02  ok
                                        469        34    5.61303257E-01    5.61301455E-01  ok
                                        470        35    1.35712252E+00    1.35711531E+00  ok
                                        471        36    4.62803877E-02    4.62794115E-02  ok
                                        472        37   -1.88369668E+00   -1.88370194E+00  ok
                                        473        38    4.93416933E-05    4.93143843E-05  ok
                                        474        39    1.78409135E+00    1.78409696E+00  ok
                                        475        40    9.61085913E-01    9.61090638E-01  ok
                                        476        41    2.80215011E-01    2.80207534E-01  ok
                                        477        42   -4.05343181E-01   -4.05344801E-01  ok
                                        478        43   -4.35115843E-02   -4.35121845E-02  ok
                                        479        44   -1.01755059E-01   -1.01753242E-01  ok
                                        480        45   -9.94200134E-05   -9.93634262E-05  ok

     27 -1.13460434E-03  5.48E-07       481        20   -1.00000000E+00   -1.00000000E+00  ok
                                        482        32    4.90623363E-01    4.90623355E-01  ok
                                        483        33   -1.20791889E-01   -1.20791809E-01  ok
                                        484        34    2.10447172E-02    2.10447321E-02  ok
                                        485        35    1.39944369E+00    1.39944356E+00  ok
                                        486        36   -4.72186826E-01   -4.72186165E-01  ok
                                        487        37    6.37253999E-02    6.37254299E-02  ok
                                        488        38    2.49089275E-04    2.49088339E-04  ok
                                        489        39    1.08355416E-01    1.08355407E-01  ok
                                        490        40    1.26016085E-01    1.26016385E-01  ok
                                        491        41    2.12675280E-01    2.12675494E-01  ok
                                        492        42   -2.09483914E-02   -2.09484028E-02  ok
                                        493        43   -6.86940367E-03   -6.86943322E-03  ok
                                        494        44   -3.95656251E-02   -3.95656614E-02  ok
                                        495        45   -5.01897227E-04   -5.01896699E-04  ok

     28 -2.01348338E-01  6.58E-07       496        21   -1.00000000E+00   -1.00000000E+00  ok
                                        497        32    2.65142199E-01    2.65142293E-01  ok
                                        498        33    3.66520227E-01    3.66520201E-01  ok
                                        499        34    1.82563052E-02    1.82563188E-02  ok
                                        500        35    1.41878763E+00    1.41878862E+00  ok
                                        501        36    6.12900730E-01    6.12900690E-01  ok
                                        502        37    6.04266098E-02    6.04266330E-02  ok
                                        503        38    2.48756846E-04    2.48757447E-04  ok
                                        504        39    1.00323250E-01    1.00323422E-01  ok
                                        505        40   -2.37308627E-02   -2.37308784E-02  ok
                                        506        41    2.32129414E-01    2.32129864E-01  ok
                                        507        42   -2.98838993E-03   -2.98838272E-03  ok
                                        508        43    1.73839860E-02    1.73840059E-02  ok
                                        509        44   -3.30268128E-02   -3.30268542E-02  ok
                                        510        45   -5.01227406E-04   -5.01227398E-04  ok

     29  7.71527453E-02  5.90E-07       511        22   -1.00000000E+00   -1.00000000E+00  ok
                                        512        32    3.03554959E-02    3.03554469E-02  ok
                                        513        33    9.46210609E-03    9.46208130E-03  ok
                                        514        34    3.62513761E-01    3.62513733E-01  ok
                                        515        35    1.36800054E-01    1.36799631E-01  ok
                                        516        36    1.70702547E-02    1.70700569E-02  ok
                                        517        37    5.65602367E-01    5.65602235E-01  ok
                                        518        38   -5.34115710E-05   -5.34117202E-05  ok
                                        519        39    2.95419094E-01    2.95419097E-01  ok
                                        520        40    1.98091439E-01    1.98091457E-01  ok
                                        521        41   -9.71049029E-03   -9.71098657E-03  ok
                                        522        42   -5.12102456E-02   -5.12102580E-02  ok
                                        523        43   -1.56792535E-02   -1.56792611E-02  ok
                                        524        44   -5.13353052E-03   -5.13346893E-03  ok
                                        525        45    1.07620528E-04    1.07620917E-04  ok

     30  9.98131861E-01  1.09E-06       526        23   -1.00000000E+00   -1.00000000E+00  ok
                                        527        31    1.26283334E-02    1.26283334E-02  ok
                                        528        32    4.87573026E-03    4.87572197E-03  ok
                                        529        33    6.26089719E-03    6.26088680E-03  ok
                                        530        34   -7.75285256E-03   -7.75283962E-03  ok
                                        531        35    3.16712280E-02    3.16711758E-02  ok
                                        532        36    1.87341236E-02    1.87340927E-02  ok
                                        533        37   -3.81471654E-02   -3.81471022E-02  ok
                                        534        38    1.00121944E+00    1.00121944E+00  ok
                                        535        39   -1.32786810E-03   -1.32786601E-03  ok
                                        536        40   -1.94997383E-03   -1.94997081E-03  ok
                                        537        41    3.82428296E-03    3.82427699E-03  ok
                                        538        42    2.68848718E-04    2.68848251E-04  ok
                                        539        43    2.78189811E-04    2.78189445E-04  ok
                                        540        44   -3.98635861E-04   -3.98635300E-04  ok
                                        541        45   -3.68391330E-03   -3.68390468E-03  ok

     31 -5.09071509E-02  5.76E-07       542        24   -1.00000000E+00   -1.00000000E+00  ok
                                        543        32   -1.96208482E-02   -1.96208496E-02  ok
                                        544        33    6.33911057E-03    6.33911024E-03  ok
                                        545        34   -5.86070893E-04   -5.86070167E-04  ok
                                        546        35   -1.40490425E-01   -1.40490429E-01  ok
                                        547        36    5.65832951E-02    5.65832971E-02  ok
                                        548        37   -4.84091587E-03   -4.84091582E-03  ok
                                        549        38   -8.87644488E-04   -8.87657978E-04  ok
                                        550        39    1.64361155E+00    1.64361157E+00  ok
                                        551        40    5.06595421E-01    5.06595392E-01  ok
                                        552        41    6.67855531E-02    6.67855535E-02  ok
                                        553        42   -4.90763805E-01   -4.90763806E-01  ok
                                        554        43    1.21056717E-01    1.21056720E-01  ok
                                        555        44   -2.12684423E-02   -2.12684421E-02  ok
                                        556        45    1.78854070E-03    1.78856860E-03  ok

     32 -5.19806585E-02  5.76E-07       557        25   -1.00000000E+00   -1.00000000E+00  ok
                                        558        32   -9.99385977E-03   -9.99386005E-03  ok
                                        559        33   -1.63715168E-02   -1.63715171E-02  ok
                                        560        34   -4.83393751E-04   -4.83392990E-04  ok
                                        561        35   -9.72019598E-02   -9.72019606E-02  ok
                                        562        36   -1.04701100E-01   -1.04701098E-01  ok
                                        563        37   -3.98068254E-03   -3.98068248E-03  ok
                                        564        38   -2.26278374E-03   -2.26279379E-03  ok
                                        565        39    6.82075045E-01    6.82074998E-01  ok
                                        566        40    1.13803082E+00    1.13803081E+00  ok
                                        567        41    5.98905642E-02    5.98905658E-02  ok
                                        568        42   -2.64765054E-01   -2.64765051E-01  ok
                                        569        43   -3.66183425E-01   -3.66183425E-01  ok
                                        570        44   -1.81474916E-02   -1.81474913E-02  ok
                                        571        45    4.55934880E-03    4.55937014E-03  ok

     33 -1.03311335E-01  6.04E-07       572        26   -1.00000000E+00   -1.00000000E+00  ok
                                        573        32   -8.01873561E-04   -8.01874638E-04  ok
                                        574        33   -2.26184047E-04   -2.26184395E-04  ok
                                        575        34   -1.69879244E-02   -1.69879237E-02  ok
                                        576        35   -7.43018550E-03   -7.43018822E-03  ok
                                        577        36   -1.30320015E-03   -1.30319881E-03  ok
                                        578        37   -1.11500270E-01   -1.11500270E-01  ok
                                        579        38    4.65962577E-03    4.65961613E-03  ok
                                        580        39    1.21609569E-01    1.21609588E-01  ok
                                        581        40    7.65290948E-02    7.65291101E-02  ok
                                        582        41    5.68071812E-01    5.68071816E-01  ok
                                        583        42   -3.05829150E-02   -3.05829166E-02  ok
                                        584        43   -9.28781470E-03   -9.28781529E-03  ok
                                        585        44   -3.62711729E-01   -3.62711730E-01  ok
                                        586        45   -9.38881552E-03   -9.38879604E-03  ok

     34 -3.64402276E-03  5.50E-07       587        27   -1.00000000E+00   -1.00000000E+00  ok
                                        588        31    2.34572075E-02    2.34554741E-02  ok
                                        589        32    1.44402940E-01    1.44402937E-01  ok
                                        590        33   -5.58607551E-02   -5.58607522E-02  ok
                                        591        34    9.12734258E-03    9.12734379E-03  ok
                                        592        35    7.28930964E-01    7.28930936E-01  ok
                                        593        36   -3.61247403E-01   -3.61247360E-01  ok
                                        594        37    6.43649106E-02    6.43649128E-02  ok
                                        595        38    1.17474365E-03    1.17448378E-03  ok
                                        596        39   -3.53276241E+00   -3.53276166E+00  ok
                                        597        40   -2.75233895E+00   -2.75233984E+00  ok
                                        598        41   -5.63893600E-01   -5.63893577E-01  ok
                                        599        42    1.56259454E+00    1.56259450E+00  ok
                                        600        43   -4.37038640E-01   -4.37038522E-01  ok
                                        601        44    2.31449465E-01    2.31449476E-01  ok
                                        602        45   -2.36702516E-03   -2.36650169E-03  ok

     35 -3.86413145E-02  5.69E-07       603        28   -1.00000000E+00   -1.00000000E+00  ok
                                        604        31    2.48740854E-01    2.48743211E-01  ok
                                        605        32    9.78297734E-02    9.78297765E-02  ok
                                        606        33    1.01801583E-01    1.01801582E-01  ok
                                        607        34    7.11172132E-03    7.11172262E-03  ok
                                        608        35    7.32891523E-01    7.32891592E-01  ok
                                        609        36    3.50521669E-01    3.50521681E-01  ok
                                        610        37    5.02176115E-02    5.02176135E-02  ok
                                        611        38    1.37316710E-02    1.37314547E-02  ok
                                        612        39   -3.85506395E+00   -3.85506553E+00  ok
                                        613        40   -8.92129924E-01   -8.92130828E-01  ok
                                        614        41   -4.93341161E-01   -4.93341128E-01  ok
                                        615        42    1.44611044E+00    1.44611060E+00  ok
                                        616        43    5.00288992E-01    5.00289013E-01  ok
                                        617        44    1.83258071E-01    1.83258090E-01  ok
                                        618        45   -2.76683434E-02   -2.76679050E-02  ok

     36  2.12529369E-02  5.59E-07       619        29   -1.00000000E+00   -1.00000000E+00  ok
                                        620        31   -1.36808847E-01   -1.36809401E-01  ok
                                        621        32    1.27980555E-02    1.27980517E-02  ok
                                        622        33    2.53730086E-03    2.53729944E-03  ok
                                        623        34    1.11384305E-01    1.11384304E-01  ok
                                        624        35    1.03415849E-01    1.03415819E-01  ok
                                        625        36    8.56768022E-03    8.56766645E-03  ok
                                        626        37    4.34781077E-01    4.34781065E-01  ok
                                        627        38   -1.70636923E-02   -1.70638235E-02  ok
                                        628        39   -1.25161536E+00   -1.25161497E+00  ok
                                        629        40   -7.17042509E-01   -7.17042213E-01  ok
                                        630        41    1.85417383E+00    1.85417408E+00  ok
                                        631        42    3.50628543E-01    3.50628490E-01  ok
                                        632        43    6.82418343E-02    6.82418085E-02  ok
                                        633        44    5.64041595E-01    5.64041552E-01  ok
                                        634        45    3.43821300E-02    3.43823950E-02  ok

     37  1.00374677E+00  1.10E-06       635        30   -1.00000000E+00   -1.00000000E+00  ok
                                        636        31    1.25576911E-02    1.25576911E-02  ok
                                        637        32    2.42422782E-03    2.42422448E-03  ok
                                        638        33    3.11293701E-03    3.11293348E-03  ok
                                        639        34   -3.85474172E-03   -3.85473734E-03  ok
                                        640        35    1.57470303E-02    1.57470114E-02  ok
                                        641        36    9.31466287E-03    9.31465262E-03  ok
                                        642        37   -1.89668859E-02   -1.89668650E-02  ok
                                        643        38    1.21158836E-03    1.21158643E-03  ok
                                        644        39   -6.60220032E-04   -6.60219299E-04  ok
                                        645        40   -9.69532881E-04   -9.69531847E-04  ok
                                        646        41    1.90144505E-03    1.90144273E-03  ok
                                        647        42    1.33672395E-04    1.33672206E-04  ok
                                        648        43    1.38316815E-04    1.38316681E-04  ok
                                        649        44   -1.98202955E-04   -1.98202703E-04  ok
                                        650        45    9.98777588E-01    9.98777589E-01  ok

     38  1.00000000E-03  5.48E-07       651        31    2.00000000E-03    2.00054829E-03  ok

     53  1.00000000E-03  5.48E-07       652        46   -2.00000000E-03   -2.00054829E-03  ok

     54  1.00000000E-03  5.48E-07       653        53    2.00000000E-03    2.00054829E-03  ok

     55  2.50945056E+00  1.92E-06       654        47    4.45768837E-02    4.45767482E-02  ok
                                        655        48   -1.77941631E-01   -1.77941852E-01  ok
                                        656        49   -8.80513030E-02   -8.80510192E-02  ok
                                        657        50   -1.40940042E-01   -1.40940263E-01  ok
                                        658        51   -2.29949538E-01   -2.29948800E-01  ok
                                        659        52    2.95329608E-01    2.95329870E-01  ok

    659  Jacobian elements in cols      1  thru    55  seem to be OK.

 -->  The largest relative error was    9.01E-05   in row    26,  column     9
 

     14  objective gradients out of     1  thru    55  seem to be OK.

 -->  The largest relative error was    3.09E-07   in column    49
 
1
 
 

   Itns Major Minors    Step   nCon Feasible  Optimal  MeritFunction     L+U BSwap     nS  condHz Penalty
     27     0     27              1  6.2E-04  2.0E-03  9.9679943E-01     951            2 1.8E+01         _  r
     28     1      1 5.2E-02      2  2.0E-04  2.2E-03  9.9414337E-01     873            2 1.6E+00 7.9E+04 _n r
     29     2      1 1.0E+00      3  3.7E-04  4.7E-03  9.9656211E-01     873            2 1.7E+00 3.5E+02 _s
     30     3      1 1.0E+00      4  2.5E-04  8.9E-03  9.9657844E-01     873            2 1.1E+00 7.0E+01 _
     31     4      1 2.4E-02      5  2.5E-04  8.5E-03  9.9579412E-01     873            2 1.1E+00 3.3E+03 _
     32     5      1 1.7E-02      6  2.4E-04  7.8E-03  9.9535249E-01     873            2 1.3E+00 5.3E+03 _
     33     6      1 1.1E-02      7  2.4E-04  7.0E-03  9.9484293E-01     873            2 1.6E+00 7.6E+03 _
     34     7      1 1.1E-02      8  2.4E-04  6.1E-03  9.9447596E-01     873            2 2.1E+00 9.3E+03 _
     35     8      1 9.4E-03      9  2.3E-04  8.0E-03  9.9412275E-01     873            2 2.7E+00 1.1E+04 _
     36     9      1 1.4E-02     10  2.3E-04  1.3E-02  9.9410035E-01     873            2 5.6E+00 1.1E+04 _
     37    10      1 1.2E-02     11  2.3E-04  2.0E-02  9.9411768E-01     865     2      2 9.6E+00 1.1E+04 _
     38    11      1 5.5E-02     12  2.2E-04  2.8E-02  9.9422338E-01     865            2 7.3E+01 1.1E+04 _
     39    12      1 2.3E-02     13  2.1E-04  4.1E-02  9.9428029E-01     865            2 7.7E+00 1.1E+04 _
     40    13      1 5.7E-02     14  2.0E-04  4.8E-02  9.9547362E-01     865            2 2.5E+00 4.8E+03 _
     41    14      1 6.5E-02     15  1.9E-04  2.5E-02  9.9623348E-01     865            2 2.0E+00 2.1E+02 _
     42    15      1 9.8E-02     16  1.7E-04  4.4E-03  9.9629709E-01     865            2 1.5E+00 7.0E+01 _
     43    16      1 5.8E-02     17  1.6E-04  1.5E-02  9.9631889E-01     865            2 1.5E+00 6.0E+01 _
     44    17      1 7.6E-02     18  1.7E-04  2.6E-02  9.9634046E-01     865            2 1.4E+00 6.0E+01 _
     45    18      1 1.1E-01     19  1.8E-04  4.2E-02  9.9636686E-01     865            2 1.3E+00 6.0E+01 _
     46    19      1 1.1E-01     20  1.9E-04  5.3E-02  9.9638950E-01     865            2 1.2E+00 6.0E+01 _

   Itns Major Minors    Step   nCon Feasible  Optimal  MeritFunction     L+U BSwap     nS  condHz Penalty
     47    20      1 1.7E-01     21  2.1E-04  6.6E-02  9.9641646E-01     865            2 1.0E+00 6.0E+01 _
     48    21      1 3.0E-01     22  2.3E-04  8.0E-02  9.9644911E-01     865            2 1.3E+00 6.0E+01 _
     49    22      1 1.0E+00     23  4.1E-04  9.4E-02  9.9647713E-01     865            2 2.7E+00 6.0E+01 _
     50    23      1 1.0E+00     24  1.0E-05  3.2E-03  9.9653184E-01     865            2 7.3E+00 6.0E+01 _
     51    24      1 1.0E+00     25  1.7E-04  1.0E-02  9.9658140E-01     865            2 5.4E+00 6.0E+01 _
     52    25      1 1.0E+00     26  8.1E-05  4.9E-03  9.9659880E-01     880     1      2 1.2E+00 6.0E+01 _
     53    26      1 1.0E+00     27  3.5E-05  1.2E-03  9.9660791E-01     880            2 1.4E+00 6.0E+01 _
     54    27      1 1.0E+00     28 (5.1E-08) 1.4E-04  9.9660832E-01     880            2 1.1E+00 6.0E+01 _
     55    28      1 1.0E+00     29 (6.6E-08) 1.7E-05  9.9660840E-01     880            2 1.0E+00 6.0E+01 _
     56    29      1 1.0E+00     30 (8.2E-10) 6.2E-06  9.9660840E-01     880            2 1.8E+00 6.0E+01 _
     57    30      1 1.0E+00     31 (2.5E-10)(1.1E-06) 9.9660840E-01     880            2 1.6E+00 6.0E+01 _      c
     57    30      1 1.0E+00     31 (2.5E-10)(1.1E-06) 9.9660840E-01     880            2 1.6E+00 6.0E+01 _      c
1
 
 SNOPTA EXIT   0 -- finished successfully
 SNOPTA INFO   1 -- optimality conditions satisfied

 Problem name
 No. of iterations                  57   Objective value      9.9660839907E-01
 No. of major iterations            30   Linear objective     0.0000000000E+00
 Penalty parameter           5.987E+01   Nonlinear objective  9.9660839907E-01
 No. of calls to funobj            159   No. of calls to funcon            159
 Calls with modes 1,2 (known g)     31   Calls with modes 1,2 (known g)     31
 Calls for forward differencing      0   Calls for forward differencing      0
 Calls for central differencing      0   Calls for central differencing      0
 No. of superbasics                  2   No. of basic nonlinears            53
 No. of degenerate steps             7   Percentage                      12.28
 Max x                      55 2.6E+00   Max pi                      7 1.0E+00
 Max Primal infeas           0 0.0E+00   Max Dual infeas             8 2.2E-06
 Nonlinear constraint violn    7.2E-10
